line profiling: sample.interval=20000
#File 1: ../../code/R/probit.R
"/" 1#2 "make.B" 1#25 "pred.spprob" 
"%*%" 1#25 "pred.spprob" 
"%*%" 1#25 "pred.spprob" 
"%*%" 1#25 "pred.spprob" 
"%*%" 1#25 "pred.spprob" 
"exp" 1#2 "make.B" 1#25 "pred.spprob" 
"%*%" 1#25 "pred.spprob" 
"%*%" 1#25 "pred.spprob" 
"%*%" 1#25 "pred.spprob" 
"%*%" 1#25 "pred.spprob" 
"%*%" 1#25 "pred.spprob" 
"%*%" 1#25 "pred.spprob" 
"%*%" 1#25 "pred.spprob" 
"%*%" 1#25 "pred.spprob" 
"%*%" 1#25 "pred.spprob" 
"%*%" 1#25 "pred.spprob" 
"%*%" 1#25 "pred.spprob" 
"%*%" 1#25 "pred.spprob" 
"/" 1#2 "make.B" 1#25 "pred.spprob" 
"%*%" 1#25 "pred.spprob" 
"^" 1#2 "make.B" 1#25 "pred.spprob" 
"%*%" 1#25 "pred.spprob" 
"%*%" 1#25 "pred.spprob" 
"%*%" 1#25 "pred.spprob" 
"%*%" 1#25 "pred.spprob" 
"%*%" 1#25 "pred.spprob" 
"%*%" 1#25 "pred.spprob" 
"%*%" 1#25 "pred.spprob" 
"/" 1#2 "make.B" 1#25 "pred.spprob" 
"/" 1#2 "make.B" 1#25 "pred.spprob" 
"%*%" 1#25 "pred.spprob" 
"%*%" 1#25 "pred.spprob" 
"exp" 1#2 "make.B" 1#25 "pred.spprob" 
"%*%" 1#25 "pred.spprob" 
"%*%" 1#25 "pred.spprob" 
"/" 1#2 "make.B" 1#25 "pred.spprob" 
"/" 1#2 "make.B" 1#25 "pred.spprob" 
"/" 1#2 "make.B" 1#25 "pred.spprob" 
"/" 1#2 "make.B" 1#25 "pred.spprob" 
"exp" 1#2 "make.B" 1#25 "pred.spprob" 
"/" 1#2 "make.B" 1#25 "pred.spprob" 
"/" 1#2 "make.B" 1#25 "pred.spprob" 
"%*%" 1#25 "pred.spprob" 
"/" 1#2 "make.B" 1#25 "pred.spprob" 
"%*%" 1#25 "pred.spprob" 
"exp" 1#2 "make.B" 1#25 "pred.spprob" 
"/" 1#2 "make.B" 1#25 "pred.spprob" 
"%*%" 1#25 "pred.spprob" 
"%*%" 1#25 "pred.spprob" 
"exp" 1#2 "make.B" 1#25 "pred.spprob" 
